#
# There is insufficient memory for the Java Runtime Environment to continue.
# Native memory allocation (malloc) failed to allocate 1048576 bytes for AllocateHeap
# Possible reasons:
#   The system is out of physical RAM or swap space
#   The process is running with CompressedOops enabled, and the Java Heap may be blocking the growth of the native heap
# Possible solutions:
#   Reduce memory load on the system
#   Increase physical memory or swap space
#   Check if swap backing store is full
#   Decrease Java heap size (-Xmx/-Xms)
#   Decrease number of Java threads
#   Decrease Java thread stack sizes (-Xss)
#   Set larger code cache with -XX:ReservedCodeCacheSize=
#   JVM is running with Unscaled Compressed Oops mode in which the Java heap is
#     placed in the first 4GB address space. The Java Heap base address is the
#     maximum limit for the native heap growth. Please use -XX:HeapBaseMinAddress
#     to set the Java Heap base and to place the Java Heap above 4GB virtual address.
# This output file may be truncated or incomplete.
#
#  Out of Memory Error (memory/allocation.inline.hpp:61), pid=22608, tid=0x0000000000004ee4
#
# JRE version:  (8.0_362-b08) (build )
# Java VM: OpenJDK 64-Bit Server VM (25.362-b08 mixed mode windows-amd64 compressed oops)
# Failed to write core dump. Minidumps are not enabled by default on client versions of Windows
#

---------------  T H R E A D  ---------------

Current thread (0x0000015169e0b800):  JavaThread "Unknown thread" [_thread_in_vm, id=20196, stack(0x00000029b6f00000,0x00000029b7000000)]

Stack: [0x00000029b6f00000,0x00000029b7000000]
[error occurred during error reporting (printing stack bounds), id 0xc0000005]

Native frames: (J=compiled Java code, j=interpreted, Vv=VM code, C=native code)


---------------  P R O C E S S  ---------------

Java Threads: ( => current thread )

Other Threads:

=>0x0000015169e0b800 (exited) JavaThread "Unknown thread" [_thread_in_vm, id=20196, stack(0x00000029b6f00000,0x00000029b7000000)]

VM state:not at safepoint (normal execution)

VM Mutex/Monitor currently owned by a thread: None

heap address: 0x0000000081000000, size: 2032 MB, Compressed Oops mode: 32-bit
Narrow klass base: 0x0000000000000000, Narrow klass shift: 3
Compressed class space size: 1073741824 Address: 0x0000000100000000

Heap:
 PSYoungGen      total 38400K, used 665K [0x00000000d5b00000, 0x00000000d8580000, 0x0000000100000000)
  eden space 33280K, 2% used [0x00000000d5b00000,0x00000000d5ba6670,0x00000000d7b80000)
  from space 5120K, 0% used [0x00000000d8080000,0x00000000d8080000,0x00000000d8580000)
  to   space 5120K, 0% used [0x00000000d7b80000,0x00000000d7b80000,0x00000000d8080000)
 ParOldGen       total 87552K, used 0K [0x0000000081000000, 0x0000000086580000, 0x00000000d5b00000)
  object space 87552K, 0% used [0x0000000081000000,0x0000000081000000,0x0000000086580000)
 Metaspace       used 779K, capacity 4480K, committed 4480K, reserved 1056768K
  class space    used 76K, capacity 384K, committed 384K, reserved 1048576K

Card table byte_map: [0x000001517ac90000,0x000001517b090000] byte_map_base: 0x000001517a888000

Marking Bits: (ParMarkBitMap*) 0x0000000071b66830
 Begin Bits: [0x000001517b340000, 0x000001517d300000)
 End Bits:   [0x000001517d300000, 0x000001517f2c0000)

Polling page: 0x0000015169ff0000

CodeCache: size=245760Kb used=328Kb max_used=328Kb free=245431Kb
 bounds [0x000001516b8d0000, 0x000001516bb40000, 0x000001517a8d0000]
 total_blobs=57 nmethods=0 adapters=38
 compilation: enabled

Compilation events (0 events):
No events

GC Heap History (0 events):
No events

Deoptimization events (0 events):
No events

Classes redefined (0 events):
No events

Internal exceptions (0 events):
No events

Events (10 events):
Event: 0.043 loading class java/lang/Short
Event: 0.043 loading class java/lang/Short done
Event: 0.043 loading class java/lang/Integer
Event: 0.043 loading class java/lang/Integer done
Event: 0.043 loading class java/lang/Long
Event: 0.044 loading class java/lang/Long done
Event: 0.044 loading class java/lang/NullPointerException
Event: 0.044 loading class java/lang/NullPointerException done
Event: 0.044 loading class java/lang/ArithmeticException
Event: 0.045 loading class java/lang/ArithmeticException done


Dynamic libraries:
0x00007ff71b830000 - 0x00007ff71b86a000 	C:\Users\Achraf\.jdks\corretto-1.8.0_362\bin\java.exe
0x00007ffaa7130000 - 0x00007ffaa7344000 	C:\Windows\SYSTEM32\ntdll.dll
0x00007ffaa56a0000 - 0x00007ffaa5762000 	C:\Windows\System32\KERNEL32.DLL
0x00007ffaa49e0000 - 0x00007ffaa4d7c000 	C:\Windows\System32\KERNELBASE.dll
0x00007ffaa5820000 - 0x00007ffaa58ce000 	C:\Windows\System32\ADVAPI32.dll
0x00007ffaa69f0000 - 0x00007ffaa6a97000 	C:\Windows\System32\msvcrt.dll
0x00007ffaa5050000 - 0x00007ffaa50f4000 	C:\Windows\System32\sechost.dll
0x00007ffaa58d0000 - 0x00007ffaa59e7000 	C:\Windows\System32\RPCRT4.dll
0x00007ffaa6b80000 - 0x00007ffaa6d2b000 	C:\Windows\System32\USER32.dll
0x00007ffaa4540000 - 0x00007ffaa4566000 	C:\Windows\System32\win32u.dll
0x00007ffaa6b50000 - 0x00007ffaa6b79000 	C:\Windows\System32\GDI32.dll
0x00007ffaa4570000 - 0x00007ffaa4683000 	C:\Windows\System32\gdi32full.dll
0x00007ffaa47d0000 - 0x00007ffaa486a000 	C:\Windows\System32\msvcp_win.dll
0x00007ffaa4df0000 - 0x00007ffaa4f01000 	C:\Windows\System32\ucrtbase.dll
0x00007ffa956b0000 - 0x00007ffa9593e000 	C:\Windows\WinSxS\amd64_microsoft.windows.common-controls_6595b64144ccf1df_6.0.22621.608_none_a9444ca7c10bb01d\COMCTL32.dll
0x00007ffaa5770000 - 0x00007ffaa57a1000 	C:\Windows\System32\IMM32.DLL
0x00007ffa44cc0000 - 0x00007ffa44daf000 	C:\Users\Achraf\.jdks\corretto-1.8.0_362\jre\bin\msvcr120.dll
0x00007ffa45e40000 - 0x00007ffa45ee6000 	C:\Users\Achraf\.jdks\corretto-1.8.0_362\jre\bin\msvcp120.dll
0x0000000071370000 - 0x0000000071be5000 	C:\Users\Achraf\.jdks\corretto-1.8.0_362\jre\bin\server\jvm.dll
0x00007ffaa6ab0000 - 0x00007ffaa6ab8000 	C:\Windows\System32\PSAPI.DLL
0x00007ffa9c3e0000 - 0x00007ffa9c414000 	C:\Windows\SYSTEM32\WINMM.dll
0x00007ffa9d010000 - 0x00007ffa9d01a000 	C:\Windows\SYSTEM32\VERSION.dll
0x00007ffa5f070000 - 0x00007ffa5f079000 	C:\Windows\SYSTEM32\WSOCK32.dll
0x00007ffaa6ad0000 - 0x00007ffaa6b41000 	C:\Windows\System32\WS2_32.dll
0x00007ffa7f330000 - 0x00007ffa7f33f000 	C:\Users\Achraf\.jdks\corretto-1.8.0_362\jre\bin\verify.dll
0x00007ffa613a0000 - 0x00007ffa613c9000 	C:\Users\Achraf\.jdks\corretto-1.8.0_362\jre\bin\java.dll
0x00007ffa61200000 - 0x00007ffa6122a000 	C:\Users\Achraf\.jdks\corretto-1.8.0_362\jre\bin\instrument.dll
0x00007ffa7ba30000 - 0x00007ffa7ba46000 	C:\Users\Achraf\.jdks\corretto-1.8.0_362\jre\bin\zip.dll

VM Arguments:
jvm_args: -javaagent:C:\Program Files\JetBrains\IntelliJ IDEA 2022.3.3\lib\idea_rt.jar=55475:C:\Program Files\JetBrains\IntelliJ IDEA 2022.3.3\bin -Dfile.encoding=UTF-8 
java_command: ma.enset.jpjdbc.presentation.view.ApplicationJavaFx
java_class_path (initial): C:\Users\Achraf\.jdks\corretto-1.8.0_362\jre\lib\charsets.jar;C:\Users\Achraf\.jdks\corretto-1.8.0_362\jre\lib\ext\access-bridge-64.jar;C:\Users\Achraf\.jdks\corretto-1.8.0_362\jre\lib\ext\cldrdata.jar;C:\Users\Achraf\.jdks\corretto-1.8.0_362\jre\lib\ext\dnsns.jar;C:\Users\Achraf\.jdks\corretto-1.8.0_362\jre\lib\ext\jaccess.jar;C:\Users\Achraf\.jdks\corretto-1.8.0_362\jre\lib\ext\jfxrt.jar;C:\Users\Achraf\.jdks\corretto-1.8.0_362\jre\lib\ext\localedata.jar;C:\Users\Achraf\.jdks\corretto-1.8.0_362\jre\lib\ext\nashorn.jar;C:\Users\Achraf\.jdks\corretto-1.8.0_362\jre\lib\ext\sunec.jar;C:\Users\Achraf\.jdks\corretto-1.8.0_362\jre\lib\ext\sunjce_provider.jar;C:\Users\Achraf\.jdks\corretto-1.8.0_362\jre\lib\ext\sunmscapi.jar;C:\Users\Achraf\.jdks\corretto-1.8.0_362\jre\lib\ext\sunpkcs11.jar;C:\Users\Achraf\.jdks\corretto-1.8.0_362\jre\lib\ext\zipfs.jar;C:\Users\Achraf\.jdks\corretto-1.8.0_362\jre\lib\jce.jar;C:\Users\Achraf\.jdks\corretto-1.8.0_362\jre\lib\jfr.jar;C:\Users\Achraf\.jdks\corretto-1.8.0_362\jre\lib\jfxswt.jar;C:\Users\Achraf\.jdks\corretto-1.8.0_362\jre\lib\jsse.jar;C:\Users\Achraf\.jdks\corretto-1.8.0_362\jre\lib\management-agent.jar;C:\Users\Achraf\.jdks\corretto-1.8.0_362\jre\lib\resources.jar;C:\Users\Achraf\.jdks\corretto-1.8.0_362\jre\lib\rt.jar;C:\Users\Achraf\IdeaProjects\javaFXProjetProduits\out\production\javaFXProjetProduits;C:\Program Files\JetBrains\IntelliJ IDEA 2022.3.3\lib\idea_rt.jar
Launcher Type: SUN_STANDARD

Environment Variables:
PATH=C:\Windows\system32;C:\Windows;C:\Windows\System32\Wbem;C:\Windows\System32\WindowsPowerShell\v1.0\;C:\Windows\System32\OpenSSH\;C:\Program Files\Git\cmd;C:\Users\Achraf\AppData\Local\Microsoft\WindowsApps;C:\Program Files\JetBrains\IntelliJ IDEA Community Edition 2022.3.3\bin;;C:\Users\Achraf\AppData\Local\GitHubDesktop\bin
USERNAME=Achraf
OS=Windows_NT
PROCESSOR_IDENTIFIER=Intel64 Family 6 Model 58 Stepping 9, GenuineIntel



---------------  S Y S T E M  ---------------

OS: Windows 11 , 64 bit Build 22621 (10.0.22621.1485)

CPU:total 8 (initial active 8) (4 cores per cpu, 2 threads per core) family 6 model 58 stepping 9, cmov, cx8, fxsr, mmx, sse, sse2, sse3, ssse3, sse4.1, sse4.2, popcnt, avx, aes, clmul, erms, ht, tsc, tscinvbit, tscinv

Memory: 4k page, physical 8319564k(715540k free), swap 11250760k(5724k free)

vm_info: OpenJDK 64-Bit Server VM (25.362-b08) for windows-amd64 JRE (1.8.0_362-b08), built on Jan 13 2023 13:30:12 by "Administrator" with MS VC++ 12.0 (VS2013)

time: Mon May 01 20:51:01 2023
timezone: Maroc (heure d’été)
elapsed time: 0.053059 seconds (0d 0h 0m 0s)

